<?xml version="1.0" encoding="UTF-8"?>
<testsuite xmlns:xsi="http://www.w3.org/2001/XMLSchema-instance" xsi:noNamespaceSchemaLocation="https://maven.apache.org/surefire/maven-surefire-plugin/xsd/surefire-test-report.xsd" name="com.epam.tdd.RemoveCharATest" time="0.046" tests="5" errors="0" skipped="0" failures="0">
  <properties>
[...]
</properties>
  <testcase name="testRemoveAfterOccurenceIndex1" classname="com.epam.tdd.RemoveCharATest" time="0.016"/>
  <testcase name="testRemove0A" classname="com.epam.tdd.RemoveCharATest" time="0"/>
  <testcase name="testRemove1A" classname="com.epam.tdd.RemoveCharATest" time="0.001"/>
  <testcase name="testRemoveStart1A" classname="com.epam.tdd.RemoveCharATest" time="0.002"/>
  <testcase name="testRemoveStart2A" classname="com.epam.tdd.RemoveCharATest" time="0.002"/>
</testsuite>